AttendanceTracker/app/build/intermediates/manifest_merge_blame_file/debug/processDebugMainManifest/manifest-merger-blame-debug-report.txt
1<?xml version="1.0" encoding="utf-8"?>
2<manifest xmlns:android="http://schemas.android.com/apk/res/android"
3    package="com.nibm.attendancetracker"
4    android:versionCode="1"
5    android:versionName="1.0" >
6
7    <uses-sdk
8        android:minSdkVersion="26"
9        android:targetSdkVersion="35" />
10
11    <!-- ===== Permissions ===== -->
12    <uses-permission android:name="android.permission.INTERNET" />
12-->src\main\AndroidManifest.xml:6:5-67
12-->src\main\AndroidManifest.xml:6:22-64
13    <uses-permission android:name="android.permission.ACCESS_NETWORK_STATE" />
13-->src\main\AndroidManifest.xml:7:5-79
13-->src\main\AndroidManifest.xml:7:22-76
14    <uses-permission android:name="android.permission.CAMERA" />
14-->src\main\AndroidManifest.xml:8:5-65
14-->src\main\AndroidManifest.xml:8:22-62
15    <uses-permission android:name="android.permission.READ_EXTERNAL_STORAGE" />
15-->src\main\AndroidManifest.xml:9:5-80
15-->src\main\AndroidManifest.xml:9:22-77
16    <uses-permission
16-->src\main\AndroidManifest.xml:10:5-11:38
17        android:name="android.permission.WRITE_EXTERNAL_STORAGE"
17-->src\main\AndroidManifest.xml:10:22-78
18        android:maxSdkVersion="28" />
18-->src\main\AndroidManifest.xml:11:9-35
19    <uses-permission android:name="android.permission.ACCESS_RENDER_SCRIPT" />
19-->src\main\AndroidManifest.xml:12:5-79
19-->src\main\AndroidManifest.xml:12:22-76
20    <uses-permission android:name="android.permission.ACCESS_FINE_LOCATION" />
20-->src\main\AndroidManifest.xml:13:5-79
20-->src\main\AndroidManifest.xml:13:22-76
21    <uses-permission android:name="android.permission.ACCESS_COARSE_LOCATION" />
21-->src\main\AndroidManifest.xml:14:5-81
21-->src\main\AndroidManifest.xml:14:22-78
22
23    <!-- ===== Hardware Features ===== -->
24    <uses-feature
24-->src\main\AndroidManifest.xml:17:5-19:36
25        android:name="android.hardware.camera"
25-->src\main\AndroidManifest.xml:18:9-47
26        android:required="false" />
26-->src\main\AndroidManifest.xml:19:9-33
27    <uses-feature
27-->src\main\AndroidManifest.xml:20:5-22:36
28        android:name="android.hardware.camera.autofocus"
28-->src\main\AndroidManifest.xml:21:9-57
29        android:required="false" />
29-->src\main\AndroidManifest.xml:22:9-33
30    <uses-feature
30-->[com.journeyapps:zxing-android-embedded:4.3.0] AndroidManifest.xml:28:5-30:36
31        android:name="android.hardware.camera.front"
31-->[com.journeyapps:zxing-android-embedded:4.3.0] AndroidManifest.xml:29:9-53
32        android:required="false" />
32-->[com.journeyapps:zxing-android-embedded:4.3.0] AndroidManifest.xml:30:9-33
33    <uses-feature
33-->[com.journeyapps:zxing-android-embedded:4.3.0] AndroidManifest.xml:36:5-38:36
34        android:name="android.hardware.camera.flash"
34-->[com.journeyapps:zxing-android-embedded:4.3.0] AndroidManifest.xml:37:9-53
35        android:required="false" />
35-->[com.journeyapps:zxing-android-embedded:4.3.0] AndroidManifest.xml:38:9-33
36    <uses-feature
36-->[com.journeyapps:zxing-android-embedded:4.3.0] AndroidManifest.xml:39:5-41:36
37        android:name="android.hardware.screen.landscape"
37-->[com.journeyapps:zxing-android-embedded:4.3.0] AndroidManifest.xml:40:9-57
38        android:required="false" />
38-->[com.journeyapps:zxing-android-embedded:4.3.0] AndroidManifest.xml:41:9-33
39    <uses-feature
39-->[com.journeyapps:zxing-android-embedded:4.3.0] AndroidManifest.xml:42:5-44:36
40        android:name="android.hardware.wifi"
40-->[com.journeyapps:zxing-android-embedded:4.3.0] AndroidManifest.xml:43:9-45
41        android:required="false" />
41-->[com.journeyapps:zxing-android-embedded:4.3.0] AndroidManifest.xml:44:9-33
42
43    <uses-permission android:name="android.permission.WAKE_LOCK" />
43-->[com.google.android.gms:play-services-measurement-api:22.0.0] AndroidManifest.xml:24:5-68
43-->[com.google.android.gms:play-services-measurement-api:22.0.0] AndroidManifest.xml:24:22-65
44    <uses-permission android:name="com.google.android.gms.permission.AD_ID" />
44-->[com.google.android.gms:play-services-measurement-api:22.0.0] AndroidManifest.xml:25:5-79
44-->[com.google.android.gms:play-services-measurement-api:22.0.0] AndroidManifest.xml:25:22-76
45    <uses-permission android:name="android.permission.ACCESS_ADSERVICES_ATTRIBUTION" />
45-->[com.google.android.gms:play-services-measurement-api:22.0.0] AndroidManifest.xml:26:5-88
45-->[com.google.android.gms:play-services-measurement-api:22.0.0] AndroidManifest.xml:26:22-85
46    <uses-permission android:name="android.permission.ACCESS_ADSERVICES_AD_ID" />
46-->[com.google.android.gms:play-services-measurement-api:22.0.0] AndroidManifest.xml:27:5-82
46-->[com.google.android.gms:play-services-measurement-api:22.0.0] AndroidManifest.xml:27:22-79
47    <uses-permission android:name="com.google.android.finsky.permission.BIND_GET_INSTALL_REFERRER_SERVICE" />
47-->[com.google.android.gms:play-services-measurement:22.0.0] AndroidManifest.xml:26:5-110
47-->[com.google.android.gms:play-services-measurement:22.0.0] AndroidManifest.xml:26:22-107
48    <uses-permission android:name="com.google.android.providers.gsf.permission.READ_GSERVICES" />
48-->[com.google.android.recaptcha:recaptcha:18.4.0] AndroidManifest.xml:9:5-98
48-->[com.google.android.recaptcha:recaptcha:18.4.0] AndroidManifest.xml:9:22-95
49
50    <permission
50-->[androidx.core:core:1.13.0] AndroidManifest.xml:22:5-24:47
51        android:name="com.nibm.attendancetracker.DYNAMIC_RECEIVER_NOT_EXPORTED_PERMISSION"
51-->[androidx.core:core:1.13.0] AndroidManifest.xml:23:9-81
52        android:protectionLevel="signature" />
52-->[androidx.core:core:1.13.0] AndroidManifest.xml:24:9-44
53
54    <uses-permission android:name="com.nibm.attendancetracker.DYNAMIC_RECEIVER_NOT_EXPORTED_PERMISSION" />
54-->[androidx.core:core:1.13.0] AndroidManifest.xml:26:5-97
54-->[androidx.core:core:1.13.0] AndroidManifest.xml:26:22-94
55    <uses-permission android:name="android.permission.READ_PHONE_STATE" />
56
57    <application
57-->src\main\AndroidManifest.xml:24:5-180:19
58        android:allowBackup="true"
58-->src\main\AndroidManifest.xml:25:9-35
59        android:appComponentFactory="androidx.core.app.CoreComponentFactory"
59-->[androidx.core:core:1.13.0] AndroidManifest.xml:28:18-86
60        android:dataExtractionRules="@xml/data_extraction_rules"
60-->src\main\AndroidManifest.xml:26:9-65
61        android:debuggable="true"
62        android:extractNativeLibs="false"
63        android:fullBackupContent="@xml/backup_rules"
63-->src\main\AndroidManifest.xml:27:9-54
64        android:icon="@mipmap/logo1"
64-->src\main\AndroidManifest.xml:28:9-37
65        android:label="@string/app_name"
65-->src\main\AndroidManifest.xml:29:9-41
66        android:roundIcon="@mipmap/logo1"
66-->src\main\AndroidManifest.xml:30:9-42
67        android:supportsRtl="true"
67-->src\main\AndroidManifest.xml:31:9-35
68        android:testOnly="true"
69        android:theme="@style/Theme.AttendanceTracker" >
69-->src\main\AndroidManifest.xml:32:9-55
70
71        <!-- ===== Common Activities ===== -->
72        <activity
72-->src\main\AndroidManifest.xml:36:9-45:20
73            android:name="com.nibm.attendancetracker.common.LoginActivity"
73-->src\main\AndroidManifest.xml:37:13-49
74            android:exported="true"
74-->src\main\AndroidManifest.xml:38:13-36
75            android:screenOrientation="portrait"
75-->src\main\AndroidManifest.xml:39:13-49
76            android:windowSoftInputMode="adjustResize|stateHidden" >
76-->src\main\AndroidManifest.xml:40:13-67
77            <intent-filter>
77-->src\main\AndroidManifest.xml:41:13-44:29
78                <action android:name="android.intent.action.MAIN" />
78-->src\main\AndroidManifest.xml:42:17-69
78-->src\main\AndroidManifest.xml:42:25-66
79
80                <category android:name="android.intent.category.LAUNCHER" />
80-->src\main\AndroidManifest.xml:43:17-77
80-->src\main\AndroidManifest.xml:43:27-74
81            </intent-filter>
82        </activity>
83        <activity
83-->src\main\AndroidManifest.xml:47:9-51:47
84            android:name="com.nibm.attendancetracker.common.SubjectDetailedAttendanceActivity"
84-->src\main\AndroidManifest.xml:48:13-69
85            android:exported="false"
85-->src\main\AndroidManifest.xml:49:13-37
86            android:theme="@style/AppTheme"
86-->src\main\AndroidManifest.xml:51:13-44
87            android:windowSoftInputMode="adjustResize" />
87-->src\main\AndroidManifest.xml:50:13-55
88
89        <!-- ===== Admin Module ===== -->
90        <activity
90-->src\main\AndroidManifest.xml:54:9-58:47
91            android:name="com.nibm.attendancetracker.admin.AddScheduleToStudentActivity"
91-->src\main\AndroidManifest.xml:55:13-63
92            android:exported="false"
92-->src\main\AndroidManifest.xml:56:13-37
93            android:theme="@style/AppTheme"
93-->src\main\AndroidManifest.xml:58:13-44
94            android:windowSoftInputMode="adjustResize" />
94-->src\main\AndroidManifest.xml:57:13-55
95        <activity
95-->src\main\AndroidManifest.xml:59:9-63:47
96            android:name="com.nibm.attendancetracker.admin.AddSubjectsToTeacherActivity"
96-->src\main\AndroidManifest.xml:60:13-63
97            android:exported="false"
97-->src\main\AndroidManifest.xml:61:13-37
98            android:theme="@style/AppTheme"
98-->src\main\AndroidManifest.xml:63:13-44
99            android:windowSoftInputMode="adjustResize" />
99-->src\main\AndroidManifest.xml:62:13-55
100        <activity
100-->src\main\AndroidManifest.xml:64:9-67:47
101            android:name="com.nibm.attendancetracker.admin.AdminDashboardActivity"
101-->src\main\AndroidManifest.xml:65:13-57
102            android:exported="false"
102-->src\main\AndroidManifest.xml:66:13-37
103            android:theme="@style/AppTheme" />
103-->src\main\AndroidManifest.xml:67:13-44
104        <activity
104-->src\main\AndroidManifest.xml:68:9-72:47
105            android:name="com.nibm.attendancetracker.admin.CreateScheduleActivity"
105-->src\main\AndroidManifest.xml:69:13-57
106            android:exported="false"
106-->src\main\AndroidManifest.xml:70:13-37
107            android:theme="@style/AppTheme"
107-->src\main\AndroidManifest.xml:72:13-44
108            android:windowSoftInputMode="adjustResize" />
108-->src\main\AndroidManifest.xml:71:13-55
109        <activity
109-->src\main\AndroidManifest.xml:73:9-77:47
110            android:name="com.nibm.attendancetracker.admin.CreateStudentActivity"
110-->src\main\AndroidManifest.xml:74:13-56
111            android:exported="false"
111-->src\main\AndroidManifest.xml:75:13-37
112            android:theme="@style/AppTheme"
112-->src\main\AndroidManifest.xml:77:13-44
113            android:windowSoftInputMode="adjustResize" />
113-->src\main\AndroidManifest.xml:76:13-55
114        <activity
114-->src\main\AndroidManifest.xml:78:9-82:47
115            android:name="com.nibm.attendancetracker.admin.CreateSubjectActivity"
115-->src\main\AndroidManifest.xml:79:13-56
116            android:exported="false"
116-->src\main\AndroidManifest.xml:80:13-37
117            android:theme="@style/AppTheme"
117-->src\main\AndroidManifest.xml:82:13-44
118            android:windowSoftInputMode="adjustResize" />
118-->src\main\AndroidManifest.xml:81:13-55
119        <activity
119-->src\main\AndroidManifest.xml:83:9-87:47
120            android:name="com.nibm.attendancetracker.admin.CreateTeacherActivity"
120-->src\main\AndroidManifest.xml:84:13-56
121            android:exported="false"
121-->src\main\AndroidManifest.xml:85:13-37
122            android:theme="@style/AppTheme"
122-->src\main\AndroidManifest.xml:87:13-44
123            android:windowSoftInputMode="adjustResize" />
123-->src\main\AndroidManifest.xml:86:13-55
124        <activity
124-->src\main\AndroidManifest.xml:88:9-92:47
125            android:name="com.nibm.attendancetracker.admin.EditStudentActivity"
125-->src\main\AndroidManifest.xml:89:13-54
126            android:exported="false"
126-->src\main\AndroidManifest.xml:90:13-37
127            android:theme="@style/AppTheme"
127-->src\main\AndroidManifest.xml:92:13-44
128            android:windowSoftInputMode="adjustResize" />
128-->src\main\AndroidManifest.xml:91:13-55
129        <activity
129-->src\main\AndroidManifest.xml:93:9-97:47
130            android:name="com.nibm.attendancetracker.admin.EditTeacherActivity"
130-->src\main\AndroidManifest.xml:94:13-54
131            android:exported="false"
131-->src\main\AndroidManifest.xml:95:13-37
132            android:theme="@style/AppTheme"
132-->src\main\AndroidManifest.xml:97:13-44
133            android:windowSoftInputMode="adjustResize" />
133-->src\main\AndroidManifest.xml:96:13-55
134        <activity
134-->src\main\AndroidManifest.xml:98:9-101:47
135            android:name="com.nibm.attendancetracker.admin.ScheduleDetailActivity"
135-->src\main\AndroidManifest.xml:99:13-57
136            android:exported="false"
136-->src\main\AndroidManifest.xml:100:13-37
137            android:theme="@style/AppTheme" />
137-->src\main\AndroidManifest.xml:101:13-44
138        <activity
138-->src\main\AndroidManifest.xml:102:9-105:47
139            android:name="com.nibm.attendancetracker.admin.StudentDetailActivity"
139-->src\main\AndroidManifest.xml:103:13-56
140            android:exported="false"
140-->src\main\AndroidManifest.xml:104:13-37
141            android:theme="@style/AppTheme" />
141-->src\main\AndroidManifest.xml:105:13-44
142        <activity
142-->src\main\AndroidManifest.xml:106:9-109:47
143            android:name="com.nibm.attendancetracker.admin.TeacherDetailActivity"
143-->src\main\AndroidManifest.xml:107:13-56
144            android:exported="false"
144-->src\main\AndroidManifest.xml:108:13-37
145            android:theme="@style/AppTheme" />
145-->src\main\AndroidManifest.xml:109:13-44
146        <activity
146-->src\main\AndroidManifest.xml:110:9-113:47
147            android:name="com.nibm.attendancetracker.admin.ViewScheduleActivity"
147-->src\main\AndroidManifest.xml:111:13-55
148            android:exported="false"
148-->src\main\AndroidManifest.xml:112:13-37
149            android:theme="@style/AppTheme" />
149-->src\main\AndroidManifest.xml:113:13-44
150        <activity
150-->src\main\AndroidManifest.xml:114:9-117:47
151            android:name="com.nibm.attendancetracker.admin.ViewStudentsActivity"
151-->src\main\AndroidManifest.xml:115:13-55
152            android:exported="false"
152-->src\main\AndroidManifest.xml:116:13-37
153            android:theme="@style/AppTheme" />
153-->src\main\AndroidManifest.xml:117:13-44
154        <activity
154-->src\main\AndroidManifest.xml:118:9-121:47
155            android:name="com.nibm.attendancetracker.admin.ViewTeachersActivity"
155-->src\main\AndroidManifest.xml:119:13-55
156            android:exported="false"
156-->src\main\AndroidManifest.xml:120:13-37
157            android:theme="@style/AppTheme" />
157-->src\main\AndroidManifest.xml:121:13-44
158
159        <!-- ===== Student Module ===== -->
160        <activity
160-->src\main\AndroidManifest.xml:124:9-127:47
161            android:name="com.nibm.attendancetracker.student.AttendanceHistoryActivity"
161-->src\main\AndroidManifest.xml:125:13-62
162            android:exported="false"
162-->src\main\AndroidManifest.xml:126:13-37
163            android:theme="@style/AppTheme" />
163-->src\main\AndroidManifest.xml:127:13-44
164        <activity
164-->src\main\AndroidManifest.xml:128:9-131:47
165            android:name="com.nibm.attendancetracker.student.ClassScheduleActivity"
165-->src\main\AndroidManifest.xml:129:13-58
166            android:exported="false"
166-->src\main\AndroidManifest.xml:130:13-37
167            android:theme="@style/AppTheme" />
167-->src\main\AndroidManifest.xml:131:13-44
168        <activity
168-->src\main\AndroidManifest.xml:132:9-135:72
169            android:name="com.nibm.attendancetracker.student.FaceScanLocationActivity"
169-->src\main\AndroidManifest.xml:133:13-61
170            android:exported="false"
170-->src\main\AndroidManifest.xml:134:13-37
171            android:theme="@style/Theme.AppCompat.Light.NoActionBar" />
171-->src\main\AndroidManifest.xml:135:13-69
172        <activity
172-->src\main\AndroidManifest.xml:136:9-139:47
173            android:name="com.nibm.attendancetracker.student.QRScannerActivity"
173-->src\main\AndroidManifest.xml:137:13-54
174            android:exported="false"
174-->src\main\AndroidManifest.xml:138:13-37
175            android:theme="@style/AppTheme" />
175-->src\main\AndroidManifest.xml:139:13-44
176        <activity
176-->src\main\AndroidManifest.xml:140:9-143:47
177            android:name="com.nibm.attendancetracker.student.StudentDashboardActivity"
177-->src\main\AndroidManifest.xml:141:13-61
178            android:exported="false"
178-->src\main\AndroidManifest.xml:142:13-37
179            android:theme="@style/AppTheme" />
179-->src\main\AndroidManifest.xml:143:13-44
180        <activity
180-->src\main\AndroidManifest.xml:144:9-148:47
181            android:name="com.nibm.attendancetracker.student.StudentProfileActivity"
181-->src\main\AndroidManifest.xml:145:13-59
182            android:exported="false"
182-->src\main\AndroidManifest.xml:146:13-37
183            android:theme="@style/AppTheme"
183-->src\main\AndroidManifest.xml:148:13-44
184            android:windowSoftInputMode="adjustResize" />
184-->src\main\AndroidManifest.xml:147:13-55
185
186        <!-- ===== Teacher Module ===== -->
187        <activity
187-->src\main\AndroidManifest.xml:151:9-154:47
188            android:name="com.nibm.attendancetracker.teacher.TeacherQRActivity"
188-->src\main\AndroidManifest.xml:152:13-54
189            android:exported="false"
189-->src\main\AndroidManifest.xml:153:13-37
190            android:theme="@style/AppTheme" />
190-->src\main\AndroidManifest.xml:154:13-44
191        <activity
191-->src\main\AndroidManifest.xml:155:9-158:47
192            android:name="com.nibm.attendancetracker.teacher.TeacherViewStudentAttendanceActivity"
192-->src\main\AndroidManifest.xml:156:13-73
193            android:exported="false"
193-->src\main\AndroidManifest.xml:157:13-37
194            android:theme="@style/AppTheme" />
194-->src\main\AndroidManifest.xml:158:13-44
195        <activity
195-->src\main\AndroidManifest.xml:159:9-162:47
196            android:name="com.nibm.attendancetracker.teacher.TeacherDashboardActivity"
196-->src\main\AndroidManifest.xml:160:13-61
197            android:exported="false"
197-->src\main\AndroidManifest.xml:161:13-37
198            android:theme="@style/AppTheme" />
198-->src\main\AndroidManifest.xml:162:13-44
199        <activity
199-->src\main\AndroidManifest.xml:163:9-167:47
200            android:name="com.nibm.attendancetracker.teacher.ProfileTeacherActivity"
200-->src\main\AndroidManifest.xml:164:13-59
201            android:exported="false"
201-->src\main\AndroidManifest.xml:165:13-37
202            android:theme="@style/AppTheme"
202-->src\main\AndroidManifest.xml:167:13-44
203            android:windowSoftInputMode="adjustResize" />
203-->src\main\AndroidManifest.xml:166:13-55
204
205        <!-- ===== File Provider ===== -->
206        <provider
207            android:name="androidx.core.content.FileProvider"
207-->src\main\AndroidManifest.xml:171:13-62
208            android:authorities="com.nibm.attendancetracker.provider"
208-->src\main\AndroidManifest.xml:172:13-60
209            android:exported="false"
209-->src\main\AndroidManifest.xml:173:13-37
210            android:grantUriPermissions="true" >
210-->src\main\AndroidManifest.xml:174:13-47
211            <meta-data
211-->src\main\AndroidManifest.xml:175:13-177:54
212                android:name="android.support.FILE_PROVIDER_PATHS"
212-->src\main\AndroidManifest.xml:176:17-67
213                android:resource="@xml/file_paths" />
213-->src\main\AndroidManifest.xml:177:17-51
214        </provider>
215
216        <service
216-->[androidx.camera:camera-camera2:1.3.0] AndroidManifest.xml:24:9-33:19
217            android:name="androidx.camera.core.impl.MetadataHolderService"
217-->[androidx.camera:camera-camera2:1.3.0] AndroidManifest.xml:25:13-75
218            android:enabled="false"
218-->[androidx.camera:camera-camera2:1.3.0] AndroidManifest.xml:26:13-36
219            android:exported="false" >
219-->[androidx.camera:camera-camera2:1.3.0] AndroidManifest.xml:27:13-37
220            <meta-data
220-->[androidx.camera:camera-camera2:1.3.0] AndroidManifest.xml:30:13-32:89
221                android:name="androidx.camera.core.impl.MetadataHolderService.DEFAULT_CONFIG_PROVIDER"
221-->[androidx.camera:camera-camera2:1.3.0] AndroidManifest.xml:31:17-103
222                android:value="androidx.camera.camera2.Camera2Config$DefaultProvider" />
222-->[androidx.camera:camera-camera2:1.3.0] AndroidManifest.xml:32:17-86
223        </service>
224        <service
224-->[com.google.android.gms:play-services-mlkit-face-detection:17.1.0] AndroidManifest.xml:9:9-15:19
225            android:name="com.google.mlkit.common.internal.MlKitComponentDiscoveryService"
225-->[com.google.android.gms:play-services-mlkit-face-detection:17.1.0] AndroidManifest.xml:10:13-91
226            android:directBootAware="true"
226-->[com.google.mlkit:common:18.10.0] AndroidManifest.xml:17:13-43
227            android:exported="false" >
227-->[com.google.android.gms:play-services-mlkit-face-detection:17.1.0] AndroidManifest.xml:11:13-37
228            <meta-data
228-->[com.google.android.gms:play-services-mlkit-face-detection:17.1.0] AndroidManifest.xml:12:13-14:85
229                android:name="com.google.firebase.components:com.google.mlkit.vision.face.internal.FaceRegistrar"
229-->[com.google.android.gms:play-services-mlkit-face-detection:17.1.0] AndroidManifest.xml:13:17-114
230                android:value="com.google.firebase.components.ComponentRegistrar" />
230-->[com.google.android.gms:play-services-mlkit-face-detection:17.1.0] AndroidManifest.xml:14:17-82
231            <meta-data
231-->[com.google.mlkit:vision-common:17.2.0] AndroidManifest.xml:12:13-14:85
232                android:name="com.google.firebase.components:com.google.mlkit.vision.common.internal.VisionCommonRegistrar"
232-->[com.google.mlkit:vision-common:17.2.0] AndroidManifest.xml:13:17-124
233                android:value="com.google.firebase.components.ComponentRegistrar" />
233-->[com.google.mlkit:vision-common:17.2.0] AndroidManifest.xml:14:17-82
234            <meta-data
234-->[com.google.mlkit:common:18.10.0] AndroidManifest.xml:20:13-22:85
235                android:name="com.google.firebase.components:com.google.mlkit.common.internal.CommonComponentRegistrar"
235-->[com.google.mlkit:common:18.10.0] AndroidManifest.xml:21:17-120
236                android:value="com.google.firebase.components.ComponentRegistrar" />
236-->[com.google.mlkit:common:18.10.0] AndroidManifest.xml:22:17-82
237        </service>
238
239        <provider
239-->[com.google.mlkit:common:18.10.0] AndroidManifest.xml:9:9-13:38
240            android:name="com.google.mlkit.common.internal.MlKitInitProvider"
240-->[com.google.mlkit:common:18.10.0] AndroidManifest.xml:10:13-78
241            android:authorities="com.nibm.attendancetracker.mlkitinitprovider"
241-->[com.google.mlkit:common:18.10.0] AndroidManifest.xml:11:13-69
242            android:exported="false"
242-->[com.google.mlkit:common:18.10.0] AndroidManifest.xml:12:13-37
243            android:initOrder="99" />
243-->[com.google.mlkit:common:18.10.0] AndroidManifest.xml:13:13-35
244
245        <activity
245-->[com.journeyapps:zxing-android-embedded:4.3.0] AndroidManifest.xml:47:9-53:63
246            android:name="com.journeyapps.barcodescanner.CaptureActivity"
246-->[com.journeyapps:zxing-android-embedded:4.3.0] AndroidManifest.xml:48:13-74
247            android:clearTaskOnLaunch="true"
247-->[com.journeyapps:zxing-android-embedded:4.3.0] AndroidManifest.xml:49:13-45
248            android:screenOrientation="sensorLandscape"
248-->[com.journeyapps:zxing-android-embedded:4.3.0] AndroidManifest.xml:50:13-56
249            android:stateNotNeeded="true"
249-->[com.journeyapps:zxing-android-embedded:4.3.0] AndroidManifest.xml:51:13-42
250            android:theme="@style/zxing_CaptureTheme"
250-->[com.journeyapps:zxing-android-embedded:4.3.0] AndroidManifest.xml:52:13-54
251            android:windowSoftInputMode="stateAlwaysHidden" />
251-->[com.journeyapps:zxing-android-embedded:4.3.0] AndroidManifest.xml:53:13-60
252
253        <service
253-->[com.google.firebase:firebase-firestore:26.0.1] AndroidManifest.xml:14:9-23:19
254            android:name="com.google.firebase.components.ComponentDiscoveryService"
254-->[com.google.firebase:firebase-firestore:26.0.1] AndroidManifest.xml:15:13-84
255            android:directBootAware="true"
255-->[com.google.firebase:firebase-common:22.0.1] AndroidManifest.xml:32:13-43
256            android:exported="false" >
256-->[com.google.firebase:firebase-firestore:26.0.1] AndroidManifest.xml:16:13-37
257            <meta-data
257-->[com.google.firebase:firebase-firestore:26.0.1] AndroidManifest.xml:17:13-19:85
258                android:name="com.google.firebase.components:com.google.firebase.firestore.FirebaseFirestoreKtxRegistrar"
258-->[com.google.firebase:firebase-firestore:26.0.1] AndroidManifest.xml:18:17-122
259                android:value="com.google.firebase.components.ComponentRegistrar" />
259-->[com.google.firebase:firebase-firestore:26.0.1] AndroidManifest.xml:19:17-82
260            <meta-data
260-->[com.google.firebase:firebase-firestore:26.0.1] AndroidManifest.xml:20:13-22:85
261                android:name="com.google.firebase.components:com.google.firebase.firestore.FirestoreRegistrar"
261-->[com.google.firebase:firebase-firestore:26.0.1] AndroidManifest.xml:21:17-111
262                android:value="com.google.firebase.components.ComponentRegistrar" />
262-->[com.google.firebase:firebase-firestore:26.0.1] AndroidManifest.xml:22:17-82
263            <meta-data
263-->[com.google.firebase:firebase-storage:20.3.0] AndroidManifest.xml:30:13-32:85
264                android:name="com.google.firebase.components:com.google.firebase.storage.FirebaseStorageKtxRegistrar"
264-->[com.google.firebase:firebase-storage:20.3.0] AndroidManifest.xml:31:17-118
265                android:value="com.google.firebase.components.ComponentRegistrar" />
265-->[com.google.firebase:firebase-storage:20.3.0] AndroidManifest.xml:32:17-82
266            <meta-data
266-->[com.google.firebase:firebase-storage:20.3.0] AndroidManifest.xml:33:13-35:85
267                android:name="com.google.firebase.components:com.google.firebase.storage.StorageRegistrar"
267-->[com.google.firebase:firebase-storage:20.3.0] AndroidManifest.xml:34:17-107
268                android:value="com.google.firebase.components.ComponentRegistrar" />
268-->[com.google.firebase:firebase-storage:20.3.0] AndroidManifest.xml:35:17-82
269            <meta-data
269-->[com.google.android.gms:play-services-measurement-api:22.0.0] AndroidManifest.xml:37:13-39:85
270                android:name="com.google.firebase.components:com.google.firebase.analytics.connector.internal.AnalyticsConnectorRegistrar"
270-->[com.google.android.gms:play-services-measurement-api:22.0.0] AndroidManifest.xml:38:17-139
271                android:value="com.google.firebase.components.ComponentRegistrar" />
271-->[com.google.android.gms:play-services-measurement-api:22.0.0] AndroidManifest.xml:39:17-82
272            <meta-data
272-->[com.google.firebase:firebase-ml-modeldownloader:24.2.2] AndroidManifest.xml:26:13-28:85
273                android:name="com.google.firebase.components:com.google.firebase.ml.modeldownloader.FirebaseMlModelDownloaderKtxRegistrar"
273-->[com.google.firebase:firebase-ml-modeldownloader:24.2.2] AndroidManifest.xml:27:17-139
274                android:value="com.google.firebase.components.ComponentRegistrar" />
274-->[com.google.firebase:firebase-ml-modeldownloader:24.2.2] AndroidManifest.xml:28:17-82
275            <meta-data
275-->[com.google.firebase:firebase-ml-modeldownloader:24.2.2] AndroidManifest.xml:29:13-31:85
276                android:name="com.google.firebase.components:com.google.firebase.ml.modeldownloader.FirebaseModelDownloaderRegistrar"
276-->[com.google.firebase:firebase-ml-modeldownloader:24.2.2] AndroidManifest.xml:30:17-134
277                android:value="com.google.firebase.components.ComponentRegistrar" />
277-->[com.google.firebase:firebase-ml-modeldownloader:24.2.2] AndroidManifest.xml:31:17-82
278            <meta-data
278-->[com.google.firebase:firebase-auth:22.3.1] AndroidManifest.xml:69:13-71:85
279                android:name="com.google.firebase.components:com.google.firebase.auth.FirebaseAuthRegistrar"
279-->[com.google.firebase:firebase-auth:22.3.1] AndroidManifest.xml:70:17-109
280                android:value="com.google.firebase.components.ComponentRegistrar" />
280-->[com.google.firebase:firebase-auth:22.3.1] AndroidManifest.xml:71:17-82
281            <meta-data
281-->[com.google.firebase:firebase-appcheck:17.1.0] AndroidManifest.xml:25:13-27:85
282                android:name="com.google.firebase.components:com.google.firebase.appcheck.FirebaseAppCheckKtxRegistrar"
282-->[com.google.firebase:firebase-appcheck:17.1.0] AndroidManifest.xml:26:17-120
283                android:value="com.google.firebase.components.ComponentRegistrar" />
283-->[com.google.firebase:firebase-appcheck:17.1.0] AndroidManifest.xml:27:17-82
284            <meta-data
284-->[com.google.firebase:firebase-appcheck:17.1.0] AndroidManifest.xml:28:13-30:85
285                android:name="com.google.firebase.components:com.google.firebase.appcheck.FirebaseAppCheckRegistrar"
285-->[com.google.firebase:firebase-appcheck:17.1.0] AndroidManifest.xml:29:17-117
286                android:value="com.google.firebase.components.ComponentRegistrar" />